[2023-05-13 12:27:17,955] numexpr.utils - INFO - NumExpr defaulting to 8 threads.
[2023-05-13 12:27:20,416] root - INFO - Exporting collection data as pandas dataframe
[2023-05-13 12:27:20,416] root - INFO - Reading data from database: CUSTOMERS and collection: CUSTOMERS_PROJECT
[2023-05-13 12:27:33,388] root - INFO - Found columns: Index(['_id', 'age', 'job', 'marital', 'education', 'default', 'housing',
       'loan', 'contact', 'month', 'day_of_week', 'duration', 'campaign',
       'pdays', 'previous', 'poutcome', 'emp.var.rate', 'cons.price.idx',
       'cons.conf.idx', 'euribor3m', 'nr.employed', 'y'],
      dtype='object')
[2023-05-13 12:27:33,388] root - INFO - Dropping column: _id 
[2023-05-13 12:27:33,439] root - INFO - Row and columns in df: (82376, 21)
[2023-05-13 12:27:33,439] root - INFO - Save data in feature store
[2023-05-13 12:27:33,499] root - INFO - Create feature store folder if not available
[2023-05-13 12:27:33,499] root - INFO - Save df to feature store folder
[2023-05-13 12:27:34,223] root - INFO - split dataset into train and test set
[2023-05-13 12:27:34,286] root - INFO - create dataset directory folder if not available
[2023-05-13 12:27:34,286] root - INFO - Save df to feature store folder
[2023-05-13 12:27:35,104] root - INFO - Data ingestion artifact: DataIngestionArtifact(feature_store_file_path='E:\\Customer_Segmenation_Shraddha\\artifact\\05132023__122720\\data_ingestion\\feature_store\\bank-additional-full.csv', train_file_path='E:\\Customer_Segmenation_Shraddha\\artifact\\05132023__122720\\data_ingestion\\dataset\\train.csv', test_file_path='E:\\Customer_Segmenation_Shraddha\\artifact\\05132023__122720\\data_ingestion\\dataset\\test.csv')
[2023-05-13 12:27:35,215] root - INFO - >>>>>>>>>>>>>>>>>>>>>>>>>>>>>>>>>>>>>>>> Data Validation <<<<<<<<<<<<<<<<<<<<<<<<<<<<<<<<<<<<<<<<
[2023-05-13 12:27:35,215] root - INFO - Reading base dataframe
[2023-05-13 12:27:35,372] root - INFO - Replace na value in base df
[2023-05-13 12:27:35,372] root - INFO - Drop null values colums from base df
[2023-05-13 12:27:35,419] root - INFO - selecting column name which contains null above to 0.2
[2023-05-13 12:27:35,419] root - INFO - Columns to drop: []
[2023-05-13 12:27:35,440] root - INFO - Reading train dataframe
[2023-05-13 12:27:35,609] root - INFO - Reading test dataframe
[2023-05-13 12:27:35,671] root - INFO - Drop null values colums from train df
[2023-05-13 12:27:35,750] root - INFO - selecting column name which contains null above to 0.2
[2023-05-13 12:27:35,750] root - INFO - Columns to drop: []
[2023-05-13 12:27:35,750] root - INFO - Drop null values colums from test df
[2023-05-13 12:27:35,781] root - INFO - selecting column name which contains null above to 0.2
[2023-05-13 12:27:35,781] root - INFO - Columns to drop: []
[2023-05-13 12:27:35,781] root - INFO - Converting categorical Columns to Numerical
[2023-05-13 12:27:35,897] root - INFO - Converting base columns to encoded columns:    age  duration  campaign  pdays  previous  ...  day_of_week_tue  day_of_week_wed  poutcome_failure  poutcome_nonexistent  poutcome_success
0   56       261         1    999         0  ...                0                0                 0                     1                 0
1   57       149         1    999         0  ...                0                0                 0                     1                 0
2   37       226         1    999         0  ...                0                0                 0                     1                 0
3   40       151         1    999         0  ...                0                0                 0                     1                 0
4   56       307         1    999         0  ...                0                0                 0                     1                 0
5   45       198         1    999         0  ...                0                0                 0                     1                 0
6   59       139         1    999         0  ...                0                0                 0                     1                 0
7   41       217         1    999         0  ...                0                0                 0                     1                 0
8   24       380         1    999         0  ...                0                0                 0                     1                 0
9   25        50         1    999         0  ...                0                0                 0                     1                 0

[10 rows x 63 columns]
[2023-05-13 12:27:35,897] root - INFO - Converting base columns to encoded columns: (41188, 63)
[2023-05-13 12:27:35,985] root - INFO - Converting train columns to encoded columns:    age  duration  campaign  pdays  previous  ...  day_of_week_tue  day_of_week_wed  poutcome_failure  poutcome_nonexistent  poutcome_success
0   36       147         2    999         0  ...                1                0                 0                     1                 0
1   51       104         1    999         0  ...                0                1                 0                     1                 0
2   46       195         1    999         0  ...                0                0                 0                     1                 0
3   40        97         6    999         0  ...                0                1                 0                     1                 0
4   39        85         1    999         0  ...                0                0                 0                     1                 0
5   53       144         1    999         0  ...                0                0                 0                     1                 0
6   31       104         1    999         1  ...                0                0                 1                     0                 0
7   30        27        16    999         0  ...                0                1                 0                     1                 0
8   34       285         1    999         0  ...                0                0                 0                     1                 0
9   36       665         3    999         0  ...                1                0                 0                     1                 0

[10 rows x 63 columns]
[2023-05-13 12:27:35,985] root - INFO - Converting base columns to encoded columns: (41188, 63)
[2023-05-13 12:27:36,032] root - INFO - Converting test columns to encoded columns:    age  duration  campaign  pdays  previous  ...  day_of_week_tue  day_of_week_wed  poutcome_failure  poutcome_nonexistent  poutcome_success
0   58       325         3    999         0  ...                1                0                 0                     1                 0
1   56       364         1    999         0  ...                0                0                 0                     1                 0
2   29       190         1    999         0  ...                0                0                 0                     1                 0
3   35        55         1    999         0  ...                0                0                 0                     1                 0
4   40       173         1    999         0  ...                1                0                 0                     1                 0
5   35        59         2    999         1  ...                0                0                 1                     0                 0
6   37       427         2    999         0  ...                0                0                 0                     1                 0
7   49        67         1    999         0  ...                0                0                 0                     1                 0
8   45       265         1    999         0  ...                0                0                 0                     1                 0
9   42        99         1    999         0  ...                1                0                 0                     1                 0

[10 rows x 63 columns]
[2023-05-13 12:27:36,032] root - INFO - Converting base columns to encoded columns: (41188, 63)
[2023-05-13 12:27:36,127] root - INFO - Is all required columns present in train df
[2023-05-13 12:27:36,127] root - INFO - Is all required columns present in test df
[2023-05-13 12:27:36,127] root - INFO - As all column are available in train df hence detecting data drift
[2023-05-13 12:27:36,127] root - INFO - Hypothesis age: float64, float64 
[2023-05-13 12:27:36,142] root - INFO - Hypothesis duration: float64, float64 
[2023-05-13 12:27:36,364] root - INFO - Hypothesis campaign: float64, float64 
[2023-05-13 12:27:36,427] root - INFO - Hypothesis pdays: float64, float64 
[2023-05-13 12:27:36,507] root - INFO - Hypothesis previous: float64, float64 
[2023-05-13 12:27:36,558] root - INFO - Hypothesis emp.var.rate: float64, float64 
[2023-05-13 12:27:36,571] root - INFO - Hypothesis cons.price.idx: float64, float64 
[2023-05-13 12:27:36,618] root - INFO - Hypothesis cons.conf.idx: float64, float64 
[2023-05-13 12:27:36,681] root - INFO - Hypothesis euribor3m: float64, float64 
[2023-05-13 12:27:36,697] root - INFO - Hypothesis nr.employed: float64, float64 
[2023-05-13 12:27:36,711] root - INFO - Hypothesis job_admin.: float64, float64 
[2023-05-13 12:27:36,797] root - INFO - Hypothesis job_blue-collar: float64, float64 
[2023-05-13 12:27:36,841] root - INFO - Hypothesis job_entrepreneur: float64, float64 
[2023-05-13 12:27:36,857] root - INFO - Hypothesis job_housemaid: float64, float64 
[2023-05-13 12:27:36,902] root - INFO - Hypothesis job_management: float64, float64 
[2023-05-13 12:27:36,948] root - INFO - Hypothesis job_retired: float64, float64 
[2023-05-13 12:27:36,980] root - INFO - Hypothesis job_self-employed: float64, float64 
[2023-05-13 12:27:37,060] root - INFO - Hypothesis job_services: float64, float64 
[2023-05-13 12:27:37,122] root - INFO - Hypothesis job_student: float64, float64 
[2023-05-13 12:27:37,169] root - INFO - Hypothesis job_technician: float64, float64 
[2023-05-13 12:27:37,216] root - INFO - Hypothesis job_unemployed: float64, float64 
[2023-05-13 12:27:37,263] root - INFO - Hypothesis job_unknown: float64, float64 
[2023-05-13 12:27:37,263] root - INFO - Hypothesis marital_divorced: float64, float64 
[2023-05-13 12:27:37,310] root - INFO - Hypothesis marital_married: float64, float64 
[2023-05-13 12:27:37,357] root - INFO - Hypothesis marital_single: float64, float64 
[2023-05-13 12:27:37,404] root - INFO - Hypothesis marital_unknown: float64, float64 
[2023-05-13 12:27:37,404] root - INFO - Hypothesis education_basic.4y: float64, float64 
[2023-05-13 12:27:37,452] root - INFO - Hypothesis education_basic.6y: float64, float64 
[2023-05-13 12:27:37,501] root - INFO - Hypothesis education_basic.9y: float64, float64 
[2023-05-13 12:27:37,547] root - INFO - Hypothesis education_high.school: float64, float64 
[2023-05-13 12:27:37,594] root - INFO - Hypothesis education_illiterate: float64, float64 
[2023-05-13 12:27:37,598] root - INFO - Hypothesis education_professional.course: float64, float64 
[2023-05-13 12:27:37,651] root - INFO - Hypothesis education_university.degree: float64, float64 
[2023-05-13 12:27:37,710] root - INFO - Hypothesis education_unknown: float64, float64 
[2023-05-13 12:27:37,785] root - INFO - Hypothesis default_no: float64, float64 
[2023-05-13 12:27:37,851] root - INFO - Hypothesis default_unknown: float64, float64 
[2023-05-13 12:27:37,912] root - INFO - Hypothesis default_yes: float64, float64 
[2023-05-13 12:27:37,928] root - INFO - Hypothesis housing_no: float64, float64 
[2023-05-13 12:27:38,006] root - INFO - Hypothesis housing_unknown: float64, float64 
[2023-05-13 12:27:38,071] root - INFO - Hypothesis housing_yes: float64, float64 
[2023-05-13 12:27:38,117] root - INFO - Hypothesis loan_no: float64, float64 
[2023-05-13 12:27:38,167] root - INFO - Hypothesis loan_unknown: float64, float64 
[2023-05-13 12:27:38,213] root - INFO - Hypothesis loan_yes: float64, float64 
[2023-05-13 12:27:38,259] root - INFO - Hypothesis contact_cellular: float64, float64 
[2023-05-13 12:27:38,276] root - INFO - Hypothesis contact_telephone: float64, float64 
[2023-05-13 12:27:38,292] root - INFO - Hypothesis month_apr: float64, float64 
[2023-05-13 12:27:38,337] root - INFO - Hypothesis month_aug: float64, float64 
[2023-05-13 12:27:38,385] root - INFO - Hypothesis month_dec: float64, float64 
[2023-05-13 12:27:38,389] root - INFO - Hypothesis month_jul: float64, float64 
[2023-05-13 12:27:38,443] root - INFO - Hypothesis month_jun: float64, float64 
[2023-05-13 12:27:38,519] root - INFO - Hypothesis month_mar: float64, float64 
[2023-05-13 12:27:38,580] root - INFO - Hypothesis month_may: float64, float64 
[2023-05-13 12:27:38,604] root - INFO - Hypothesis month_nov: float64, float64 
[2023-05-13 12:27:38,667] root - INFO - Hypothesis month_oct: float64, float64 
[2023-05-13 12:27:38,683] root - INFO - Hypothesis month_sep: float64, float64 
[2023-05-13 12:27:38,716] root - INFO - Hypothesis day_of_week_fri: float64, float64 
[2023-05-13 12:27:38,762] root - INFO - Hypothesis day_of_week_mon: float64, float64 
[2023-05-13 12:27:38,811] root - INFO - Hypothesis day_of_week_thu: float64, float64 
[2023-05-13 12:27:38,856] root - INFO - Hypothesis day_of_week_tue: float64, float64 
[2023-05-13 12:27:38,904] root - INFO - Hypothesis day_of_week_wed: float64, float64 
[2023-05-13 12:27:38,950] root - INFO - Hypothesis poutcome_failure: float64, float64 
[2023-05-13 12:27:39,001] root - INFO - Hypothesis poutcome_nonexistent: float64, float64 
[2023-05-13 12:27:39,045] root - INFO - Hypothesis poutcome_success: float64, float64 
[2023-05-13 12:27:39,078] root - INFO - As all column are available in test df hence detecting data drift
[2023-05-13 12:27:39,078] root - INFO - Hypothesis age: float64, float64 
[2023-05-13 12:27:39,092] root - INFO - Hypothesis duration: float64, float64 
[2023-05-13 12:27:39,101] root - INFO - Hypothesis campaign: float64, float64 
[2023-05-13 12:27:39,108] root - INFO - Hypothesis pdays: float64, float64 
[2023-05-13 12:27:39,125] root - INFO - Hypothesis previous: float64, float64 
[2023-05-13 12:27:39,142] root - INFO - Hypothesis emp.var.rate: float64, float64 
[2023-05-13 12:27:39,157] root - INFO - Hypothesis cons.price.idx: float64, float64 
[2023-05-13 12:27:39,157] root - INFO - Hypothesis cons.conf.idx: float64, float64 
[2023-05-13 12:27:39,157] root - INFO - Hypothesis euribor3m: float64, float64 
[2023-05-13 12:27:39,172] root - INFO - Hypothesis nr.employed: float64, float64 
[2023-05-13 12:27:39,172] root - INFO - Hypothesis job_admin.: float64, float64 
[2023-05-13 12:27:39,203] root - INFO - Hypothesis job_blue-collar: float64, float64 
[2023-05-13 12:27:39,218] root - INFO - Hypothesis job_entrepreneur: float64, float64 
[2023-05-13 12:27:39,218] root - INFO - Hypothesis job_housemaid: float64, float64 
[2023-05-13 12:27:39,251] root - INFO - Hypothesis job_management: float64, float64 
[2023-05-13 12:27:39,267] root - INFO - Hypothesis job_retired: float64, float64 
[2023-05-13 12:27:39,267] root - INFO - Hypothesis job_self-employed: float64, float64 
[2023-05-13 12:27:39,300] root - INFO - Hypothesis job_services: float64, float64 
[2023-05-13 12:27:39,313] root - INFO - Hypothesis job_student: float64, float64 
[2023-05-13 12:27:39,344] root - INFO - Hypothesis job_technician: float64, float64 
[2023-05-13 12:27:39,360] root - INFO - Hypothesis job_unemployed: float64, float64 
[2023-05-13 12:27:39,375] root - INFO - Hypothesis job_unknown: float64, float64 
[2023-05-13 12:27:39,391] root - INFO - Hypothesis marital_divorced: float64, float64 
[2023-05-13 12:27:39,407] root - INFO - Hypothesis marital_married: float64, float64 
[2023-05-13 12:27:39,422] root - INFO - Hypothesis marital_single: float64, float64 
[2023-05-13 12:27:39,458] root - INFO - Hypothesis marital_unknown: float64, float64 
[2023-05-13 12:27:39,458] root - INFO - Hypothesis education_basic.4y: float64, float64 
[2023-05-13 12:27:39,502] root - INFO - Hypothesis education_basic.6y: float64, float64 
[2023-05-13 12:27:39,518] root - INFO - Hypothesis education_basic.9y: float64, float64 
[2023-05-13 12:27:39,549] root - INFO - Hypothesis education_high.school: float64, float64 
[2023-05-13 12:27:39,549] root - INFO - Hypothesis education_illiterate: float64, float64 
[2023-05-13 12:27:39,558] root - INFO - Hypothesis education_professional.course: float64, float64 
[2023-05-13 12:27:39,590] root - INFO - Hypothesis education_university.degree: float64, float64 
[2023-05-13 12:27:39,600] root - INFO - Hypothesis education_unknown: float64, float64 
[2023-05-13 12:27:39,621] root - INFO - Hypothesis default_no: float64, float64 
[2023-05-13 12:27:39,628] root - INFO - Hypothesis default_unknown: float64, float64 
[2023-05-13 12:27:39,628] root - INFO - Hypothesis default_yes: float64, float64 
[2023-05-13 12:27:39,644] root - INFO - Hypothesis housing_no: float64, float64 
[2023-05-13 12:27:39,675] root - INFO - Hypothesis housing_unknown: float64, float64 
[2023-05-13 12:27:39,706] root - INFO - Hypothesis housing_yes: float64, float64 
[2023-05-13 12:27:39,738] root - INFO - Hypothesis loan_no: float64, float64 
[2023-05-13 12:27:39,769] root - INFO - Hypothesis loan_unknown: float64, float64 
[2023-05-13 12:27:39,804] root - INFO - Hypothesis loan_yes: float64, float64 
[2023-05-13 12:27:39,843] root - INFO - Hypothesis contact_cellular: float64, float64 
[2023-05-13 12:27:39,849] root - INFO - Hypothesis contact_telephone: float64, float64 
[2023-05-13 12:27:39,864] root - INFO - Hypothesis month_apr: float64, float64 
[2023-05-13 12:27:39,885] root - INFO - Hypothesis month_aug: float64, float64 
[2023-05-13 12:27:39,914] root - INFO - Hypothesis month_dec: float64, float64 
[2023-05-13 12:27:39,916] root - INFO - Hypothesis month_jul: float64, float64 
[2023-05-13 12:27:39,916] root - INFO - Hypothesis month_jun: float64, float64 
[2023-05-13 12:27:39,927] root - INFO - Hypothesis month_mar: float64, float64 
[2023-05-13 12:27:39,943] root - INFO - Hypothesis month_may: float64, float64 
[2023-05-13 12:27:39,943] root - INFO - Hypothesis month_nov: float64, float64 
[2023-05-13 12:27:39,974] root - INFO - Hypothesis month_oct: float64, float64 
[2023-05-13 12:27:39,974] root - INFO - Hypothesis month_sep: float64, float64 
[2023-05-13 12:27:40,006] root - INFO - Hypothesis day_of_week_fri: float64, float64 
[2023-05-13 12:27:40,021] root - INFO - Hypothesis day_of_week_mon: float64, float64 
[2023-05-13 12:27:40,053] root - INFO - Hypothesis day_of_week_thu: float64, float64 
[2023-05-13 12:27:40,069] root - INFO - Hypothesis day_of_week_tue: float64, float64 
[2023-05-13 12:27:40,100] root - INFO - Hypothesis day_of_week_wed: float64, float64 
[2023-05-13 12:27:40,133] root - INFO - Hypothesis poutcome_failure: float64, float64 
[2023-05-13 12:27:40,178] root - INFO - Hypothesis poutcome_nonexistent: float64, float64 
[2023-05-13 12:27:40,210] root - INFO - Hypothesis poutcome_success: float64, float64 
[2023-05-13 12:27:40,242] root - INFO - Write reprt in yaml file
[2023-05-13 12:27:40,273] root - INFO - Data validation artifact: DataValidationArtifact(report_file_path='E:\\Customer_Segmenation_Shraddha\\artifact\\05132023__122720\\data_validation\\report.yaml')
[2023-05-13 12:27:40,479] root - INFO -  Train_df:    age          job   marital            education  default housing loan  ...     poutcome emp.var.rate cons.price.idx  cons.conf.idx  euribor3m  nr.employed   y
0   36   technician  divorced    university.degree  unknown     yes   no  ...  nonexistent          1.1         93.994          -36.4      4.856       5191.0  no
1   51  blue-collar    single             basic.4y  unknown      no   no  ...  nonexistent          1.4         93.918          -42.7      4.963       5228.1  no
2   46       admin.    single    university.degree       no      no  yes  ...  nonexistent         -1.8         92.893          -46.2      1.264       5099.1  no
3   40       admin.  divorced    university.degree       no      no   no  ...  nonexistent          1.4         93.918          -42.7      4.963       5228.1  no
4   39  blue-collar    single             basic.9y       no     yes   no  ...  nonexistent         -1.8         92.893          -46.2      1.299       5099.1  no
5   53   technician   married  professional.course       no     yes   no  ...  nonexistent          1.4         93.918          -42.7      4.968       5228.1  no
6   31  blue-collar   married             basic.9y       no      no   no  ...      failure         -1.8         93.075          -47.1      1.410       5099.1  no
7   30  blue-collar   married             basic.9y       no      no  yes  ...  nonexistent          1.4         93.918          -42.7      4.963       5228.1  no
8   34       admin.    single    university.degree       no     yes   no  ...  nonexistent         -1.8         93.075          -47.1      1.405       5099.1  no
9   36    housemaid   married             basic.4y       no     yes   no  ...  nonexistent          1.4         93.918          -42.7      4.961       5228.1  no

[10 rows x 21 columns]
[2023-05-13 12:27:40,525] root - INFO - Test_df:    age          job  marital            education  default  housing     loan  ...     poutcome emp.var.rate cons.price.idx  cons.conf.idx  euribor3m  nr.employed   y
0   58   management  married             basic.4y       no       no       no  ...  nonexistent          1.1         93.994          -36.4      4.856       5191.0  no
1   56       admin.  married              unknown       no      yes       no  ...  nonexistent          1.1         93.994          -36.4      4.857       5191.0  no
2   29       admin.  married    university.degree       no       no       no  ...  nonexistent          1.4         93.444          -36.1      4.964       5228.1  no
3   35   technician   single  professional.course       no      yes      yes  ...  nonexistent          1.4         93.444          -36.1      4.964       5228.1  no
4   40   technician   single    university.degree       no      yes       no  ...  nonexistent          1.4         93.444          -36.1      4.963       5228.1  no
5   35       admin.   single    university.degree       no  unknown  unknown  ...      failure         -1.8         93.075          -47.1      1.405       5099.1  no
6   37     services  married          high.school       no       no       no  ...  nonexistent          1.1         93.994          -36.4      4.857       5191.0  no
7   49     services  married          high.school       no       no       no  ...  nonexistent         -1.8         92.893          -46.2      1.266       5099.1  no
8   45   unemployed  married             basic.6y  unknown       no       no  ...  nonexistent          1.1         93.994          -36.4      4.858       5191.0  no
9   42  blue-collar  married             basic.6y       no      yes      yes  ...  nonexistent          1.1         93.994          -36.4      4.856       5191.0  no

[10 rows x 21 columns] 
[2023-05-13 12:27:40,556] root - INFO -  Input_Feature_Train_df :    age          job   marital            education  default housing  ...     poutcome emp.var.rate cons.price.idx cons.conf.idx  euribor3m  nr.employed
0   36   technician  divorced    university.degree  unknown     yes  ...  nonexistent          1.1         93.994         -36.4      4.856       5191.0
1   51  blue-collar    single             basic.4y  unknown      no  ...  nonexistent          1.4         93.918         -42.7      4.963       5228.1
2   46       admin.    single    university.degree       no      no  ...  nonexistent         -1.8         92.893         -46.2      1.264       5099.1
3   40       admin.  divorced    university.degree       no      no  ...  nonexistent          1.4         93.918         -42.7      4.963       5228.1
4   39  blue-collar    single             basic.9y       no     yes  ...  nonexistent         -1.8         92.893         -46.2      1.299       5099.1
5   53   technician   married  professional.course       no     yes  ...  nonexistent          1.4         93.918         -42.7      4.968       5228.1
6   31  blue-collar   married             basic.9y       no      no  ...      failure         -1.8         93.075         -47.1      1.410       5099.1
7   30  blue-collar   married             basic.9y       no      no  ...  nonexistent          1.4         93.918         -42.7      4.963       5228.1
8   34       admin.    single    university.degree       no     yes  ...  nonexistent         -1.8         93.075         -47.1      1.405       5099.1
9   36    housemaid   married             basic.4y       no     yes  ...  nonexistent          1.4         93.918         -42.7      4.961       5228.1

[10 rows x 20 columns]
[2023-05-13 12:27:40,572] root - INFO -  Input_Feature_test_df :     age          job  marital            education  default  housing  ...     poutcome emp.var.rate cons.price.idx cons.conf.idx  euribor3m  nr.employed
0   58   management  married             basic.4y       no       no  ...  nonexistent          1.1         93.994         -36.4      4.856       5191.0
1   56       admin.  married              unknown       no      yes  ...  nonexistent          1.1         93.994         -36.4      4.857       5191.0
2   29       admin.  married    university.degree       no       no  ...  nonexistent          1.4         93.444         -36.1      4.964       5228.1
3   35   technician   single  professional.course       no      yes  ...  nonexistent          1.4         93.444         -36.1      4.964       5228.1
4   40   technician   single    university.degree       no      yes  ...  nonexistent          1.4         93.444         -36.1      4.963       5228.1
5   35       admin.   single    university.degree       no  unknown  ...      failure         -1.8         93.075         -47.1      1.405       5099.1
6   37     services  married          high.school       no       no  ...  nonexistent          1.1         93.994         -36.4      4.857       5191.0
7   49     services  married          high.school       no       no  ...  nonexistent         -1.8         92.893         -46.2      1.266       5099.1
8   45   unemployed  married             basic.6y  unknown       no  ...  nonexistent          1.1         93.994         -36.4      4.858       5191.0
9   42  blue-collar  married             basic.6y       no      yes  ...  nonexistent          1.1         93.994         -36.4      4.856       5191.0

[10 rows x 20 columns]
[2023-05-13 12:27:40,572] root - INFO -  Target_feature_train_df: (65900,)
[2023-05-13 12:27:40,572] root - INFO -  Target_feature_test_df :  (16476,)
[2023-05-13 12:27:40,572] root - INFO - target_feature_train_arr : (65900,)
[2023-05-13 12:27:40,572] root - INFO - target_feature_test_arr: (16476,)
[2023-05-13 12:27:40,808] root - INFO - input_feature_train_arr : (65900, 20)
[2023-05-13 12:27:40,808] root - INFO - input_feature_test_arr: (16476, 20)
[2023-05-13 12:27:40,839] root - INFO - train_arr: (65900, 21)
[2023-05-13 12:27:40,839] root - INFO - test_arr: (16476, 21)
[2023-05-13 12:27:40,934] root - INFO - Entered the save_object method of utils
[2023-05-13 12:27:40,934] root - INFO - Exited the save_object method of utils
[2023-05-13 12:27:40,934] root - INFO - Entered the save_object method of utils
[2023-05-13 12:27:40,934] root - INFO - Exited the save_object method of utils
[2023-05-13 12:27:40,934] root - INFO - Data_Transformation_Artifact: DataTransformationArtifact(transform_object_path='E:\\Customer_Segmenation_Shraddha\\artifact\\05132023__122720\\data_transformation\\transformed\\transformer.pkl', transform_train_path='E:\\Customer_Segmenation_Shraddha\\artifact\\05132023__122720\\data_transformation\\transformed\\train.npz', transform_test_path='E:\\Customer_Segmenation_Shraddha\\artifact\\05132023__122720\\data_transformation\\transformed\\test.npz', target_encoder_path='E:\\Customer_Segmenation_Shraddha\\artifact\\05132023__122720\\data_transformation\\target_encoder\\target_encoder.pkl')
[2023-05-13 12:27:40,949] root - INFO - >>>>>>>>>>>>>>>>>>>>>>>>>>>>>>>>>>>>>>>> Model Trainer <<<<<<<<<<<<<<<<<<<<<<<<<<<<<<<<<<<<<<<<
[2023-05-13 12:27:40,949] root - INFO - Loading train and test array.
[2023-05-13 12:27:41,075] root - INFO - train_arr : (65900, 21)
[2023-05-13 12:27:41,107] root - INFO - test_arr: (16476, 21)
[2023-05-13 12:27:41,107] root - INFO - Splitting input and target feature from both train and test arr.
[2023-05-13 12:27:41,107] root - INFO - x_train,y_train: (65900, 20),(65900,)
[2023-05-13 12:27:41,107] root - INFO - x_test,y_test:  (16476, 20),(16476,)
[2023-05-13 12:27:41,107] root - INFO - Train the model
[2023-05-13 12:27:41,563] root - INFO - Calculating f1 train score
[2023-05-13 12:27:41,769] root - INFO - yhat_train: [3 3 2 ... 3 3 2]
[2023-05-13 12:27:41,769] root - INFO - Calculating f1 test score
[2023-05-13 12:27:41,864] root - INFO - yhat_test : [3 3 3 ... 0 3 2]
[2023-05-13 12:27:41,870] root - INFO - Saving mode object
[2023-05-13 12:27:41,870] root - INFO - Entered the save_object method of utils
[2023-05-13 12:27:41,870] root - INFO - Exited the save_object method of utils
[2023-05-13 12:27:41,870] root - INFO - Prepare the artifact
[2023-05-13 12:27:41,870] root - INFO - Model trainer artifact: ModelTrainerArtifact(model_path='E:\\Customer_Segmenation_Shraddha\\artifact\\05132023__122720\\model_trainer\\model\\model.pkl')
[2023-05-13 12:27:41,943] root - INFO - >>>>>>>>>>>>>>>>>>>>>>>>>>>>>>>>>>>>>>>>  Model Evaluation <<<<<<<<<<<<<<<<<<<<<<<<<<<<<<<<<<<<<<<<
[2023-05-13 12:27:41,943] root - INFO - if saved model folder has model the we will compare which model is best trained or the model from saved model folder
[2023-05-13 12:27:41,943] root - INFO - Finding location of transformer model and target encoder
[2023-05-13 12:27:41,943] root - INFO - Previous trained objects of transformer, model and target encoder
[2023-05-13 12:27:41,978] root - INFO - Currently trained model objects
